<?xml version="1.0" encoding="UTF-8"?>
<testng-results skipped="0" failed="1" total="1" passed="0">
  <reporter-output>
  </reporter-output>
  <suite name="Default suite" duration-ms="1309" started-at="2016-03-01T08:14:19Z" finished-at="2016-03-01T08:14:20Z">
    <groups>
    </groups>
    <test name="Default test" duration-ms="1309" started-at="2016-03-01T08:14:19Z" finished-at="2016-03-01T08:14:20Z">
      <class name="com.james.dao.ViewSpaceDaoTest">
        <test-method status="PASS" signature="unitilsBeforeClass()[pri:0, instance:com.james.dao.ViewSpaceDaoTest@5f9739fd]" name="unitilsBeforeClass" is-config="true" duration-ms="59" started-at="2016-03-01T16:14:19Z" finished-at="2016-03-01T16:14:19Z">
          <reporter-output>
          </reporter-output>
        </test-method> <!-- unitilsBeforeClass -->
        <test-method status="PASS" signature="unitilsBeforeTestSetUp(java.lang.reflect.Method)[pri:0, instance:com.james.dao.ViewSpaceDaoTest@5f9739fd]" name="unitilsBeforeTestSetUp" is-config="true" duration-ms="1109" started-at="2016-03-01T16:14:19Z" finished-at="2016-03-01T16:14:20Z">
          <params>
            <param index="0">
              <value>
                <![CDATA[public void com.james.dao.ViewSpaceDaoTest.queryByName() throws java.lang.Exception]]>
              </value>
            </param>
          </params>
          <reporter-output>
          </reporter-output>
        </test-method> <!-- unitilsBeforeTestSetUp -->
        <test-method status="FAIL" signature="queryByName()[pri:0, instance:com.james.dao.ViewSpaceDaoTest@5f9739fd]" name="queryByName" duration-ms="130" started-at="2016-03-01T16:14:20Z" finished-at="2016-03-01T16:14:20Z">
          <exception class="java.lang.AssertionError">
            <message>
              <![CDATA[expected [1] but found [0]]]>
            </message>
            <full-stacktrace>
              <![CDATA[java.lang.AssertionError: expected [1] but found [0]
	at org.testng.Assert.fail(Assert.java:94)
	at org.testng.Assert.failNotEquals(Assert.java:513)
	at org.testng.Assert.assertEqualsImpl(Assert.java:135)
	at org.testng.Assert.assertEquals(Assert.java:116)
	at org.testng.Assert.assertEquals(Assert.java:389)
	at org.testng.Assert.assertEquals(Assert.java:399)
	at com.james.dao.ViewSpaceDaoTest.queryByName(ViewSpaceDaoTest.java:65)
	at sun.reflect.NativeMethodAccessorImpl.invoke0(Native Method)
	at sun.reflect.NativeMethodAccessorImpl.invoke(NativeMethodAccessorImpl.java:57)
	at sun.reflect.DelegatingMethodAccessorImpl.invoke(DelegatingMethodAccessorImpl.java:43)
	at java.lang.reflect.Method.invoke(Method.java:606)
	at org.testng.internal.MethodInvocationHelper.invokeMethod(MethodInvocationHelper.java:86)
	at org.testng.internal.MethodInvocationHelper$1.runTestMethod(MethodInvocationHelper.java:197)
	at org.unitils.UnitilsTestNG.run(UnitilsTestNG.java:103)
	at org.testng.internal.MethodInvocationHelper.invokeHookable(MethodInvocationHelper.java:209)
	at org.testng.internal.Invoker.invokeMethod(Invoker.java:641)
	at org.testng.internal.Invoker.invokeTestMethod(Invoker.java:822)
	at org.testng.internal.Invoker.invokeTestMethods(Invoker.java:1130)
	at org.testng.internal.TestMethodWorker.invokeTestMethods(TestMethodWorker.java:129)
	at org.testng.internal.TestMethodWorker.run(TestMethodWorker.java:112)
	at org.testng.TestRunner.privateRun(TestRunner.java:782)
	at org.testng.TestRunner.run(TestRunner.java:632)
	at org.testng.SuiteRunner.runTest(SuiteRunner.java:366)
	at org.testng.SuiteRunner.runSequentially(SuiteRunner.java:361)
	at org.testng.SuiteRunner.privateRun(SuiteRunner.java:319)
	at org.testng.SuiteRunner.run(SuiteRunner.java:268)
	at org.testng.SuiteRunnerWorker.runSuite(SuiteRunnerWorker.java:52)
	at org.testng.SuiteRunnerWorker.run(SuiteRunnerWorker.java:86)
	at org.testng.TestNG.runSuitesSequentially(TestNG.java:1244)
	at org.testng.TestNG.runSuitesLocally(TestNG.java:1169)
	at org.testng.TestNG.run(TestNG.java:1064)
	at org.testng.remote.RemoteTestNG.run(RemoteTestNG.java:113)
	at org.testng.remote.RemoteTestNG.initAndRun(RemoteTestNG.java:206)
	at org.testng.remote.RemoteTestNG.main(RemoteTestNG.java:177)
]]>
            </full-stacktrace>
          </exception> <!-- java.lang.AssertionError -->
          <reporter-output>
          </reporter-output>
        </test-method> <!-- queryByName -->
        <test-method status="PASS" signature="unitilsAfterTestTearDown(java.lang.reflect.Method)[pri:0, instance:com.james.dao.ViewSpaceDaoTest@5f9739fd]" name="unitilsAfterTestTearDown" is-config="true" duration-ms="0" started-at="2016-03-01T16:14:20Z" finished-at="2016-03-01T16:14:20Z">
          <params>
            <param index="0">
              <value>
                <![CDATA[public void com.james.dao.ViewSpaceDaoTest.queryByName() throws java.lang.Exception]]>
              </value>
            </param>
          </params>
          <reporter-output>
          </reporter-output>
        </test-method> <!-- unitilsAfterTestTearDown -->
      </class> <!-- com.james.dao.ViewSpaceDaoTest -->
    </test> <!-- Default test -->
  </suite> <!-- Default suite -->
</testng-results>
